[2025-12-01T03:06:39.192+0000] {taskinstance.py:1979} INFO - Dependencies all met for dep_context=non-requeueable deps ti=<TaskInstance: upload_slices_hdfs.upload_to_hdfs manual__2025-12-01T03:06:38.169593+00:00 [queued]>
[2025-12-01T03:06:39.198+0000] {taskinstance.py:1979} INFO - Dependencies all met for dep_context=requeueable deps ti=<TaskInstance: upload_slices_hdfs.upload_to_hdfs manual__2025-12-01T03:06:38.169593+00:00 [queued]>
[2025-12-01T03:06:39.198+0000] {taskinstance.py:2193} INFO - Starting attempt 1 of 3
[2025-12-01T03:06:39.206+0000] {taskinstance.py:2214} INFO - Executing <Task(_PythonDecoratedOperator): upload_to_hdfs> on 2025-12-01 03:06:38.169593+00:00
[2025-12-01T03:06:39.210+0000] {standard_task_runner.py:60} INFO - Started process 3498 to run task
[2025-12-01T03:06:39.212+0000] {standard_task_runner.py:87} INFO - Running: ['***', 'tasks', 'run', 'upload_slices_hdfs', 'upload_to_hdfs', 'manual__2025-12-01T03:06:38.169593+00:00', '--job-id', '286', '--raw', '--subdir', 'DAGS_FOLDER/upload_slices_hdfs_dag.py', '--cfg-path', '/tmp/tmp2m37eu22']
[2025-12-01T03:06:39.214+0000] {standard_task_runner.py:88} INFO - Job 286: Subtask upload_to_hdfs
[2025-12-01T03:06:39.250+0000] {task_command.py:423} INFO - Running <TaskInstance: upload_slices_hdfs.upload_to_hdfs manual__2025-12-01T03:06:38.169593+00:00 [running]> on host 1439f57e621d
[2025-12-01T03:06:39.300+0000] {taskinstance.py:2510} INFO - Exporting env vars: AIRFLOW_CTX_DAG_OWNER='etl' AIRFLOW_CTX_DAG_ID='upload_slices_hdfs' AIRFLOW_CTX_TASK_ID='upload_to_hdfs' AIRFLOW_CTX_EXECUTION_DATE='2025-12-01T03:06:38.169593+00:00' AIRFLOW_CTX_TRY_NUMBER='1' AIRFLOW_CTX_DAG_RUN_ID='manual__2025-12-01T03:06:38.169593+00:00'
[2025-12-01T03:06:39.301+0000] {logging_mixin.py:188} INFO - === Enviando slices para o HDFS em formato Parquet ===
[2025-12-01T03:06:39.301+0000] {logging_mixin.py:188} INFO - ðŸ”Œ Conectando ao HDFS...
[2025-12-01T03:06:39.301+0000] {logging_mixin.py:188} INFO - >> Rodando em Docker â€” usando namenode:9870
[2025-12-01T03:06:39.302+0000] {client.py:192} INFO - Instantiated <InsecureClient(url='http://namenode:9870')>.
[2025-12-01T03:06:39.623+0000] {client.py:1028} INFO - Creating directories to '/datalake/analytics/atrasos/ano=1970/mes=01'.
[2025-12-01T03:06:42.411+0000] {client.py:496} INFO - Writing to '/datalake/analytics/atrasos/ano=1970/mes=01/dados.parquet'.
[2025-12-01T03:06:42.432+0000] {util.py:78} ERROR - Exception in child.
Traceback (most recent call last):
  File "/home/airflow/.local/lib/python3.11/site-packages/urllib3/connection.py", line 203, in _new_conn
    sock = connection.create_connection(
           ^^^^^^^^^^^^^^^^^^^^^^^^^^^^^
  File "/home/airflow/.local/lib/python3.11/site-packages/urllib3/util/connection.py", line 85, in create_connection
    raise err
  File "/home/airflow/.local/lib/python3.11/site-packages/urllib3/util/connection.py", line 73, in create_connection
    sock.connect(sa)
ConnectionRefusedError: [Errno 111] Connection refused

The above exception was the direct cause of the following exception:

Traceback (most recent call last):
  File "/home/airflow/.local/lib/python3.11/site-packages/urllib3/connectionpool.py", line 791, in urlopen
    response = self._make_request(
               ^^^^^^^^^^^^^^^^^^^
  File "/home/airflow/.local/lib/python3.11/site-packages/urllib3/connectionpool.py", line 497, in _make_request
    conn.request(
  File "/home/airflow/.local/lib/python3.11/site-packages/urllib3/connection.py", line 395, in request
    self.endheaders()
  File "/usr/local/lib/python3.11/http/client.py", line 1293, in endheaders
    self._send_output(message_body, encode_chunked=encode_chunked)
  File "/usr/local/lib/python3.11/http/client.py", line 1052, in _send_output
    self.send(msg)
  File "/usr/local/lib/python3.11/http/client.py", line 990, in send
    self.connect()
  File "/home/airflow/.local/lib/python3.11/site-packages/urllib3/connection.py", line 243, in connect
    self.sock = self._new_conn()
                ^^^^^^^^^^^^^^^^
  File "/home/airflow/.local/lib/python3.11/site-packages/urllib3/connection.py", line 218, in _new_conn
    raise NewConnectionError(
urllib3.exceptions.NewConnectionError: <urllib3.connection.HTTPConnection object at 0x74330ae3c710>: Failed to establish a new connection: [Errno 111] Connection refused

The above exception was the direct cause of the following exception:

Traceback (most recent call last):
  File "/home/airflow/.local/lib/python3.11/site-packages/requests/adapters.py", line 486, in send
    resp = conn.urlopen(
           ^^^^^^^^^^^^^
  File "/home/airflow/.local/lib/python3.11/site-packages/urllib3/connectionpool.py", line 845, in urlopen
    retries = retries.increment(
              ^^^^^^^^^^^^^^^^^^
  File "/home/airflow/.local/lib/python3.11/site-packages/urllib3/util/retry.py", line 515, in increment
    raise MaxRetryError(_pool, url, reason) from reason  # type: ignore[arg-type]
    ^^^^^^^^^^^^^^^^^^^^^^^^^^^^^^^^^^^^^^^^^^^^^^^^^^^
urllib3.exceptions.MaxRetryError: HTTPConnectionPool(host='localhost', port=9864): Max retries exceeded with url: /webhdfs/v1/datalake/analytics/atrasos/ano=1970/mes=01/dados.parquet?op=CREATE&user.name=root&namenoderpcaddress=namenode:9000&createflag=&createparent=true&overwrite=true&user.name=root (Caused by NewConnectionError('<urllib3.connection.HTTPConnection object at 0x74330ae3c710>: Failed to establish a new connection: [Errno 111] Connection refused'))

During handling of the above exception, another exception occurred:

Traceback (most recent call last):
  File "/home/airflow/.local/lib/python3.11/site-packages/hdfs/util.py", line 76, in consumer
    self._consumer(data)
  File "/home/airflow/.local/lib/python3.11/site-packages/hdfs/client.py", line 509, in consumer
    res = self._request(
          ^^^^^^^^^^^^^^
  File "/home/airflow/.local/lib/python3.11/site-packages/hdfs/client.py", line 209, in _request
    return self._session.request(
           ^^^^^^^^^^^^^^^^^^^^^^
  File "/home/airflow/.local/lib/python3.11/site-packages/requests/sessions.py", line 589, in request
    resp = self.send(prep, **send_kwargs)
           ^^^^^^^^^^^^^^^^^^^^^^^^^^^^^^
  File "/home/airflow/.local/lib/python3.11/site-packages/requests/sessions.py", line 703, in send
    r = adapter.send(request, **kwargs)
        ^^^^^^^^^^^^^^^^^^^^^^^^^^^^^^^
  File "/home/airflow/.local/lib/python3.11/site-packages/requests/adapters.py", line 519, in send
    raise ConnectionError(e, request=request)
requests.exceptions.ConnectionError: HTTPConnectionPool(host='localhost', port=9864): Max retries exceeded with url: /webhdfs/v1/datalake/analytics/atrasos/ano=1970/mes=01/dados.parquet?op=CREATE&user.name=root&namenoderpcaddress=namenode:9000&createflag=&createparent=true&overwrite=true&user.name=root (Caused by NewConnectionError('<urllib3.connection.HTTPConnection object at 0x74330ae3c710>: Failed to establish a new connection: [Errno 111] Connection refused'))
[2025-12-01T03:06:42.451+0000] {taskinstance.py:2728} ERROR - Task failed with exception
Traceback (most recent call last):
  File "/home/airflow/.local/lib/python3.11/site-packages/urllib3/connection.py", line 203, in _new_conn
    sock = connection.create_connection(
           ^^^^^^^^^^^^^^^^^^^^^^^^^^^^^
  File "/home/airflow/.local/lib/python3.11/site-packages/urllib3/util/connection.py", line 85, in create_connection
    raise err
  File "/home/airflow/.local/lib/python3.11/site-packages/urllib3/util/connection.py", line 73, in create_connection
    sock.connect(sa)
ConnectionRefusedError: [Errno 111] Connection refused

The above exception was the direct cause of the following exception:

Traceback (most recent call last):
  File "/home/airflow/.local/lib/python3.11/site-packages/urllib3/connectionpool.py", line 791, in urlopen
    response = self._make_request(
               ^^^^^^^^^^^^^^^^^^^
  File "/home/airflow/.local/lib/python3.11/site-packages/urllib3/connectionpool.py", line 497, in _make_request
    conn.request(
  File "/home/airflow/.local/lib/python3.11/site-packages/urllib3/connection.py", line 395, in request
    self.endheaders()
  File "/usr/local/lib/python3.11/http/client.py", line 1293, in endheaders
    self._send_output(message_body, encode_chunked=encode_chunked)
  File "/usr/local/lib/python3.11/http/client.py", line 1052, in _send_output
    self.send(msg)
  File "/usr/local/lib/python3.11/http/client.py", line 990, in send
    self.connect()
  File "/home/airflow/.local/lib/python3.11/site-packages/urllib3/connection.py", line 243, in connect
    self.sock = self._new_conn()
                ^^^^^^^^^^^^^^^^
  File "/home/airflow/.local/lib/python3.11/site-packages/urllib3/connection.py", line 218, in _new_conn
    raise NewConnectionError(
urllib3.exceptions.NewConnectionError: <urllib3.connection.HTTPConnection object at 0x74330ae3c710>: Failed to establish a new connection: [Errno 111] Connection refused

The above exception was the direct cause of the following exception:

Traceback (most recent call last):
  File "/home/airflow/.local/lib/python3.11/site-packages/requests/adapters.py", line 486, in send
    resp = conn.urlopen(
           ^^^^^^^^^^^^^
  File "/home/airflow/.local/lib/python3.11/site-packages/urllib3/connectionpool.py", line 845, in urlopen
    retries = retries.increment(
              ^^^^^^^^^^^^^^^^^^
  File "/home/airflow/.local/lib/python3.11/site-packages/urllib3/util/retry.py", line 515, in increment
    raise MaxRetryError(_pool, url, reason) from reason  # type: ignore[arg-type]
    ^^^^^^^^^^^^^^^^^^^^^^^^^^^^^^^^^^^^^^^^^^^^^^^^^^^
urllib3.exceptions.MaxRetryError: HTTPConnectionPool(host='localhost', port=9864): Max retries exceeded with url: /webhdfs/v1/datalake/analytics/atrasos/ano=1970/mes=01/dados.parquet?op=CREATE&user.name=root&namenoderpcaddress=namenode:9000&createflag=&createparent=true&overwrite=true&user.name=root (Caused by NewConnectionError('<urllib3.connection.HTTPConnection object at 0x74330ae3c710>: Failed to establish a new connection: [Errno 111] Connection refused'))

During handling of the above exception, another exception occurred:

Traceback (most recent call last):
  File "/home/airflow/.local/lib/python3.11/site-packages/airflow/models/taskinstance.py", line 444, in _execute_task
    result = _execute_callable(context=context, **execute_callable_kwargs)
             ^^^^^^^^^^^^^^^^^^^^^^^^^^^^^^^^^^^^^^^^^^^^^^^^^^^^^^^^^^^^^
  File "/home/airflow/.local/lib/python3.11/site-packages/airflow/models/taskinstance.py", line 414, in _execute_callable
    return execute_callable(context=context, **execute_callable_kwargs)
           ^^^^^^^^^^^^^^^^^^^^^^^^^^^^^^^^^^^^^^^^^^^^^^^^^^^^^^^^^^^^
  File "/home/airflow/.local/lib/python3.11/site-packages/airflow/decorators/base.py", line 241, in execute
    return_value = super().execute(context)
                   ^^^^^^^^^^^^^^^^^^^^^^^^
  File "/home/airflow/.local/lib/python3.11/site-packages/airflow/operators/python.py", line 200, in execute
    return_value = self.execute_callable()
                   ^^^^^^^^^^^^^^^^^^^^^^^
  File "/home/airflow/.local/lib/python3.11/site-packages/airflow/operators/python.py", line 217, in execute_callable
    return self.python_callable(*self.op_args, **self.op_kwargs)
           ^^^^^^^^^^^^^^^^^^^^^^^^^^^^^^^^^^^^^^^^^^^^^^^^^^^^^
  File "/opt/airflow/dags/upload_slices_hdfs_dag.py", line 36, in upload_to_hdfs
    run_upload_hdfs()
  File "/opt/airflow/scripts/load_csv_to_hdfs.py", line 92, in main
    load_atrasos(client)
  File "/opt/airflow/scripts/load_csv_to_hdfs.py", line 75, in load_atrasos
    write_partitioned(df, "/datalake/analytics/atrasos", "DataVencimentoKey", client)
  File "/opt/airflow/scripts/load_csv_to_hdfs.py", line 54, in write_partitioned
    with client.write(file_path, overwrite=True) as w:
  File "/home/airflow/.local/lib/python3.11/site-packages/hdfs/util.py", line 104, in __exit__
    raise self._err # pylint: disable=raising-bad-type
    ^^^^^^^^^^^^^^^
  File "/home/airflow/.local/lib/python3.11/site-packages/hdfs/util.py", line 76, in consumer
    self._consumer(data)
  File "/home/airflow/.local/lib/python3.11/site-packages/hdfs/client.py", line 509, in consumer
    res = self._request(
          ^^^^^^^^^^^^^^
  File "/home/airflow/.local/lib/python3.11/site-packages/hdfs/client.py", line 209, in _request
    return self._session.request(
           ^^^^^^^^^^^^^^^^^^^^^^
  File "/home/airflow/.local/lib/python3.11/site-packages/requests/sessions.py", line 589, in request
    resp = self.send(prep, **send_kwargs)
           ^^^^^^^^^^^^^^^^^^^^^^^^^^^^^^
  File "/home/airflow/.local/lib/python3.11/site-packages/requests/sessions.py", line 703, in send
    r = adapter.send(request, **kwargs)
        ^^^^^^^^^^^^^^^^^^^^^^^^^^^^^^^
  File "/home/airflow/.local/lib/python3.11/site-packages/requests/adapters.py", line 519, in send
    raise ConnectionError(e, request=request)
requests.exceptions.ConnectionError: HTTPConnectionPool(host='localhost', port=9864): Max retries exceeded with url: /webhdfs/v1/datalake/analytics/atrasos/ano=1970/mes=01/dados.parquet?op=CREATE&user.name=root&namenoderpcaddress=namenode:9000&createflag=&createparent=true&overwrite=true&user.name=root (Caused by NewConnectionError('<urllib3.connection.HTTPConnection object at 0x74330ae3c710>: Failed to establish a new connection: [Errno 111] Connection refused'))
[2025-12-01T03:06:42.462+0000] {taskinstance.py:1149} INFO - Marking task as UP_FOR_RETRY. dag_id=upload_slices_hdfs, task_id=upload_to_hdfs, execution_date=20251201T030638, start_date=20251201T030639, end_date=20251201T030642
[2025-12-01T03:06:42.476+0000] {standard_task_runner.py:107} ERROR - Failed to execute job 286 for task upload_to_hdfs (HTTPConnectionPool(host='localhost', port=9864): Max retries exceeded with url: /webhdfs/v1/datalake/analytics/atrasos/ano=1970/mes=01/dados.parquet?op=CREATE&user.name=root&namenoderpcaddress=namenode:9000&createflag=&createparent=true&overwrite=true&user.name=root (Caused by NewConnectionError('<urllib3.connection.HTTPConnection object at 0x74330ae3c710>: Failed to establish a new connection: [Errno 111] Connection refused')); 3498)
[2025-12-01T03:06:42.515+0000] {local_task_job_runner.py:234} INFO - Task exited with return code 1
[2025-12-01T03:06:42.542+0000] {taskinstance.py:3309} INFO - 0 downstream tasks scheduled from follow-on schedule check
